This file contains any messages produced by compilers while
running configure, to aid debugging if configure makes a mistake.

It was created by pthread_lib configure 0.1, which was
generated by GNU Autoconf 2.61.  Invocation command line was

  $ ./configure --enable-maintainer-mode --no-create --no-recursion

## --------- ##
## Platform. ##
## --------- ##

hostname = ubuntu
uname -m = i686
uname -r = 2.6.24-19-generic
uname -s = Linux
uname -v = #1 SMP Wed Aug 20 22:56:21 UTC 2008

/usr/bin/uname -p = unknown
/bin/uname -X     = unknown

/bin/arch              = unknown
/usr/bin/arch -k       = unknown
/usr/convex/getsysinfo = unknown
/usr/bin/hostinfo      = unknown
/bin/machine           = unknown
/usr/bin/oslevel       = unknown
/bin/universe          = unknown

PATH: /usr/local/sbin
PATH: /usr/local/bin
PATH: /usr/sbin
PATH: /usr/bin
PATH: /sbin
PATH: /bin
PATH: /usr/games


## ----------- ##
## Core tests. ##
## ----------- ##

configure:2025: checking for a BSD-compatible install
configure:2081: result: /usr/bin/install -c
configure:2092: checking whether build environment is sane
configure:2135: result: yes
configure:2163: checking for a thread-safe mkdir -p
configure:2202: result: /bin/mkdir -p
configure:2215: checking for gawk
configure:2245: result: no
configure:2215: checking for mawk
configure:2231: found /usr/bin/mawk
configure:2242: result: mawk
configure:2253: checking whether make sets $(MAKE)
configure:2274: result: yes
configure:2464: checking whether to enable maintainer-specific portions of Makefiles
configure:2473: result: yes
configure:2499: checking for style of include used by make
configure:2527: result: GNU
configure:2597: checking for gcc
configure:2613: found /usr/bin/gcc
configure:2624: result: gcc
configure:2862: checking for C compiler version
configure:2869: gcc --version >&5
gcc (GCC) 4.2.3 (Ubuntu 4.2.3-2ubuntu7)
Copyright (C) 2007 Free Software Foundation, Inc.
This is free software; see the source for copying conditions.  There is NO
warranty; not even for MERCHANTABILITY or FITNESS FOR A PARTICULAR PURPOSE.

configure:2872: $? = 0
configure:2879: gcc -v >&5
Using built-in specs.
Target: i486-linux-gnu
Configured with: ../src/configure -v --enable-languages=c,c++,fortran,objc,obj-c++,treelang --prefix=/usr --enable-shared --with-system-zlib --libexecdir=/usr/lib --without-included-gettext --enable-threads=posix --enable-nls --with-gxx-include-dir=/usr/include/c++/4.2 --program-suffix=-4.2 --enable-clocale=gnu --enable-libstdcxx-debug --enable-objc-gc --enable-mpfr --enable-targets=all --enable-checking=release --build=i486-linux-gnu --host=i486-linux-gnu --target=i486-linux-gnu
Thread model: posix
gcc version 4.2.3 (Ubuntu 4.2.3-2ubuntu7)
configure:2882: $? = 0
configure:2889: gcc -V >&5
gcc: '-V' option must have argument
configure:2892: $? = 1
configure:2915: checking for C compiler default output file name
configure:2942: gcc    conftest.c  >&5
configure:2945: $? = 0
configure:2983: result: a.out
configure:3000: checking whether the C compiler works
configure:3010: ./a.out
configure:3013: $? = 0
configure:3030: result: yes
configure:3037: checking whether we are cross compiling
configure:3039: result: no
configure:3042: checking for suffix of executables
configure:3049: gcc -o conftest    conftest.c  >&5
configure:3052: $? = 0
configure:3076: result: 
configure:3082: checking for suffix of object files
configure:3108: gcc -c   conftest.c >&5
configure:3111: $? = 0
configure:3134: result: o
configure:3138: checking whether we are using the GNU C compiler
configure:3167: gcc -c   conftest.c >&5
configure:3173: $? = 0
configure:3190: result: yes
configure:3195: checking whether gcc accepts -g
configure:3225: gcc -c -g  conftest.c >&5
configure:3231: $? = 0
configure:3330: result: yes
configure:3347: checking for gcc option to accept ISO C89
configure:3421: gcc  -c -g -O2  conftest.c >&5
configure:3427: $? = 0
configure:3450: result: none needed
configure:3470: checking dependency style of gcc
configure:3561: result: gcc3
configure:3577: checking for library containing strerror
configure:3618: gcc -o conftest -g -O2   conftest.c  >&5
configure:3624: $? = 0
configure:3652: result: none required
configure:3708: checking for gcc
configure:3735: result: gcc
configure:3973: checking for C compiler version
configure:3980: gcc --version >&5
gcc (GCC) 4.2.3 (Ubuntu 4.2.3-2ubuntu7)
Copyright (C) 2007 Free Software Foundation, Inc.
This is free software; see the source for copying conditions.  There is NO
warranty; not even for MERCHANTABILITY or FITNESS FOR A PARTICULAR PURPOSE.

configure:3983: $? = 0
configure:3990: gcc -v >&5
Using built-in specs.
Target: i486-linux-gnu
Configured with: ../src/configure -v --enable-languages=c,c++,fortran,objc,obj-c++,treelang --prefix=/usr --enable-shared --with-system-zlib --libexecdir=/usr/lib --without-included-gettext --enable-threads=posix --enable-nls --with-gxx-include-dir=/usr/include/c++/4.2 --program-suffix=-4.2 --enable-clocale=gnu --enable-libstdcxx-debug --enable-objc-gc --enable-mpfr --enable-targets=all --enable-checking=release --build=i486-linux-gnu --host=i486-linux-gnu --target=i486-linux-gnu
Thread model: posix
gcc version 4.2.3 (Ubuntu 4.2.3-2ubuntu7)
configure:3993: $? = 0
configure:4000: gcc -V >&5
gcc: '-V' option must have argument
configure:4003: $? = 1
configure:4006: checking whether we are using the GNU C compiler
configure:4058: result: yes
configure:4063: checking whether gcc accepts -g
configure:4198: result: yes
configure:4215: checking for gcc option to accept ISO C89
configure:4318: result: none needed
configure:4338: checking dependency style of gcc
configure:4429: result: gcc3
configure:4492: checking for gcc
configure:4519: result: gcc
configure:4757: checking for C compiler version
configure:4764: gcc --version >&5
gcc (GCC) 4.2.3 (Ubuntu 4.2.3-2ubuntu7)
Copyright (C) 2007 Free Software Foundation, Inc.
This is free software; see the source for copying conditions.  There is NO
warranty; not even for MERCHANTABILITY or FITNESS FOR A PARTICULAR PURPOSE.

configure:4767: $? = 0
configure:4774: gcc -v >&5
Using built-in specs.
Target: i486-linux-gnu
Configured with: ../src/configure -v --enable-languages=c,c++,fortran,objc,obj-c++,treelang --prefix=/usr --enable-shared --with-system-zlib --libexecdir=/usr/lib --without-included-gettext --enable-threads=posix --enable-nls --with-gxx-include-dir=/usr/include/c++/4.2 --program-suffix=-4.2 --enable-clocale=gnu --enable-libstdcxx-debug --enable-objc-gc --enable-mpfr --enable-targets=all --enable-checking=release --build=i486-linux-gnu --host=i486-linux-gnu --target=i486-linux-gnu
Thread model: posix
gcc version 4.2.3 (Ubuntu 4.2.3-2ubuntu7)
configure:4777: $? = 0
configure:4784: gcc -V >&5
gcc: '-V' option must have argument
configure:4787: $? = 1
configure:4790: checking whether we are using the GNU C compiler
configure:4842: result: yes
configure:4847: checking whether gcc accepts -g
configure:4982: result: yes
configure:4999: checking for gcc option to accept ISO C89
configure:5102: result: none needed
configure:5122: checking dependency style of gcc
configure:5213: result: gcc3
configure:5236: checking how to run the C preprocessor
configure:5276: gcc -E  conftest.c
configure:5282: $? = 0
configure:5313: gcc -E  conftest.c
conftest.c:10:28: error: ac_nonexistent.h: No such file or directory
configure:5319: $? = 1
configure: failed program was:
| /* confdefs.h.  */
| #define PACKAGE_NAME "pthread_lib"
| #define PACKAGE_TARNAME "pthread_lib"
| #define PACKAGE_VERSION "0.1"
| #define PACKAGE_STRING "pthread_lib 0.1"
| #define PACKAGE_BUGREPORT ""
| #define PACKAGE "pthread_lib"
| #define VERSION "0.1"
| /* end confdefs.h.  */
| #include <ac_nonexistent.h>
configure:5352: result: gcc -E
configure:5381: gcc -E  conftest.c
configure:5387: $? = 0
configure:5418: gcc -E  conftest.c
conftest.c:10:28: error: ac_nonexistent.h: No such file or directory
configure:5424: $? = 1
configure: failed program was:
| /* confdefs.h.  */
| #define PACKAGE_NAME "pthread_lib"
| #define PACKAGE_TARNAME "pthread_lib"
| #define PACKAGE_VERSION "0.1"
| #define PACKAGE_STRING "pthread_lib 0.1"
| #define PACKAGE_BUGREPORT ""
| #define PACKAGE "pthread_lib"
| #define VERSION "0.1"
| /* end confdefs.h.  */
| #include <ac_nonexistent.h>
configure:5462: checking for grep that handles long lines and -e
configure:5536: result: /bin/grep
configure:5541: checking for egrep
configure:5619: result: /bin/grep -E
configure:5624: checking for ANSI C header files
configure:5654: gcc -c -g -O2  conftest.c >&5
configure:5660: $? = 0
configure:5759: gcc -o conftest -g -O2   conftest.c  >&5
configure:5762: $? = 0
configure:5768: ./conftest
configure:5771: $? = 0
configure:5788: result: yes
configure:5823: checking for sys/types.h
configure:5844: gcc -c -g -O2  conftest.c >&5
configure:5850: $? = 0
configure:5866: result: yes
configure:5823: checking for sys/stat.h
configure:5844: gcc -c -g -O2  conftest.c >&5
configure:5850: $? = 0
configure:5866: result: yes
configure:5823: checking for stdlib.h
configure:5844: gcc -c -g -O2  conftest.c >&5
configure:5850: $? = 0
configure:5866: result: yes
configure:5823: checking for string.h
configure:5844: gcc -c -g -O2  conftest.c >&5
configure:5850: $? = 0
configure:5866: result: yes
configure:5823: checking for memory.h
configure:5844: gcc -c -g -O2  conftest.c >&5
configure:5850: $? = 0
configure:5866: result: yes
configure:5823: checking for strings.h
configure:5844: gcc -c -g -O2  conftest.c >&5
configure:5850: $? = 0
configure:5866: result: yes
configure:5823: checking for inttypes.h
configure:5844: gcc -c -g -O2  conftest.c >&5
configure:5850: $? = 0
configure:5866: result: yes
configure:5823: checking for stdint.h
configure:5844: gcc -c -g -O2  conftest.c >&5
configure:5850: $? = 0
configure:5866: result: yes
configure:5823: checking for unistd.h
configure:5844: gcc -c -g -O2  conftest.c >&5
configure:5850: $? = 0
configure:5866: result: yes
configure:5894: checking locale.h usability
configure:5911: gcc -c -g -O2  conftest.c >&5
configure:5917: $? = 0
configure:5931: result: yes
configure:5935: checking locale.h presence
configure:5950: gcc -E  conftest.c
configure:5956: $? = 0
configure:5970: result: yes
configure:5998: checking for locale.h
configure:6006: result: yes
configure:6020: checking for LC_MESSAGES
configure:6046: gcc -o conftest -g -O2   conftest.c  >&5
configure:6052: $? = 0
configure:6069: result: yes
configure:6098: checking libintl.h usability
configure:6115: gcc -c -g -O2  conftest.c >&5
configure:6121: $? = 0
configure:6135: result: yes
configure:6139: checking libintl.h presence
configure:6154: gcc -E  conftest.c
configure:6160: $? = 0
configure:6174: result: yes
configure:6202: checking for libintl.h
configure:6209: result: yes
configure:6220: checking for ngettext in libc
configure:6248: gcc -o conftest -g -O2   conftest.c  >&5
configure:6254: $? = 0
configure:6272: result: yes
configure:6276: checking for dgettext in libc
configure:6304: gcc -o conftest -g -O2   conftest.c  >&5
configure:6310: $? = 0
configure:6328: result: yes
configure:6337: checking for bind_textdomain_codeset
configure:6393: gcc -o conftest -g -O2   conftest.c  >&5
configure:6399: $? = 0
configure:6417: result: yes
configure:6904: checking for msgfmt
configure:6931: result: /usr/bin/msgfmt
configure:6944: checking for dcgettext
configure:7000: gcc -o conftest -g -O2   conftest.c   >&5
conftest.c:48: warning: conflicting types for built-in function 'dcgettext'
configure:7006: $? = 0
configure:7024: result: yes
configure:7035: checking if msgfmt accepts -c
configure:7050: $MSGFMT -c -o /dev/null conftest.foo
configure:7053: $? = 0
configure:7055: result: yes
configure:7065: checking for gmsgfmt
configure:7096: result: /usr/bin/msgfmt
configure:7106: checking for xgettext
configure:7133: result: /usr/bin/xgettext
configure:7162: gcc -o conftest -g -O2   conftest.c   >&5
configure:7168: $? = 0
configure:7406: checking for intltool >= 0.35.0
configure:7413: result: 0.37.1 found
configure:7464: checking for xgettext
configure:7494: result: /usr/bin/xgettext
configure:7504: checking for msgmerge
configure:7522: found /usr/bin/msgmerge
configure:7534: result: /usr/bin/msgmerge
configure:7544: checking for msgfmt
configure:7574: result: /usr/bin/msgfmt
configure:7606: checking for perl
configure:7624: found /usr/bin/perl
configure:7636: result: /usr/bin/perl
configure:7655: checking for XML::Parser
configure:7658: result: ok
configure:7901: checking build system type
configure:7919: result: i686-pc-linux-gnu
configure:7941: checking host system type
configure:7956: result: i686-pc-linux-gnu
configure:7978: checking for a sed that does not truncate output
configure:8034: result: /bin/sed
configure:8048: checking for ld used by gcc
configure:8115: result: /usr/bin/ld
configure:8124: checking if the linker (/usr/bin/ld) is GNU ld
configure:8139: result: yes
configure:8144: checking for /usr/bin/ld option to reload object files
configure:8151: result: -r
configure:8169: checking for BSD-compatible nm
configure:8218: result: /usr/bin/nm -B
configure:8222: checking whether ln -s works
configure:8226: result: yes
configure:8233: checking how to recognize dependent libraries
configure:8419: result: pass_all
configure:8673: checking dlfcn.h usability
configure:8690: gcc -c -g -O2  conftest.c >&5
configure:8696: $? = 0
configure:8710: result: yes
configure:8714: checking dlfcn.h presence
configure:8729: gcc -E  conftest.c
configure:8735: $? = 0
configure:8749: result: yes
configure:8777: checking for dlfcn.h
configure:8785: result: yes
configure:8856: checking for g++
configure:8872: found /usr/bin/g++
configure:8883: result: g++
configure:8914: checking for C++ compiler version
configure:8921: g++ --version >&5
g++ (GCC) 4.2.3 (Ubuntu 4.2.3-2ubuntu7)
Copyright (C) 2007 Free Software Foundation, Inc.
This is free software; see the source for copying conditions.  There is NO
warranty; not even for MERCHANTABILITY or FITNESS FOR A PARTICULAR PURPOSE.

configure:8924: $? = 0
configure:8931: g++ -v >&5
Using built-in specs.
Target: i486-linux-gnu
Configured with: ../src/configure -v --enable-languages=c,c++,fortran,objc,obj-c++,treelang --prefix=/usr --enable-shared --with-system-zlib --libexecdir=/usr/lib --without-included-gettext --enable-threads=posix --enable-nls --with-gxx-include-dir=/usr/include/c++/4.2 --program-suffix=-4.2 --enable-clocale=gnu --enable-libstdcxx-debug --enable-objc-gc --enable-mpfr --enable-targets=all --enable-checking=release --build=i486-linux-gnu --host=i486-linux-gnu --target=i486-linux-gnu
Thread model: posix
gcc version 4.2.3 (Ubuntu 4.2.3-2ubuntu7)
configure:8934: $? = 0
configure:8941: g++ -V >&5
g++: '-V' option must have argument
configure:8944: $? = 1
configure:8947: checking whether we are using the GNU C++ compiler
configure:8976: g++ -c   conftest.cpp >&5
configure:8982: $? = 0
configure:8999: result: yes
configure:9004: checking whether g++ accepts -g
configure:9034: g++ -c -g  conftest.cpp >&5
configure:9040: $? = 0
configure:9139: result: yes
configure:9164: checking dependency style of g++
configure:9255: result: gcc3
configure:9280: checking how to run the C++ preprocessor
configure:9316: g++ -E  conftest.cpp
configure:9322: $? = 0
configure:9353: g++ -E  conftest.cpp
conftest.cpp:28:28: error: ac_nonexistent.h: No such file or directory
configure:9359: $? = 1
configure: failed program was:
| /* confdefs.h.  */
| #define PACKAGE_NAME "pthread_lib"
| #define PACKAGE_TARNAME "pthread_lib"
| #define PACKAGE_VERSION "0.1"
| #define PACKAGE_STRING "pthread_lib 0.1"
| #define PACKAGE_BUGREPORT ""
| #define PACKAGE "pthread_lib"
| #define VERSION "0.1"
| #define STDC_HEADERS 1
| #define GETTEXT_PACKAGE "pthread_lib"
| #define HAVE_SYS_TYPES_H 1
| #define HAVE_SYS_STAT_H 1
| #define HAVE_STDLIB_H 1
| #define HAVE_STRING_H 1
| #define HAVE_MEMORY_H 1
| #define HAVE_STRINGS_H 1
| #define HAVE_INTTYPES_H 1
| #define HAVE_STDINT_H 1
| #define HAVE_UNISTD_H 1
| #define HAVE_LOCALE_H 1
| #define HAVE_LC_MESSAGES 1
| #define HAVE_BIND_TEXTDOMAIN_CODESET 1
| #define HAVE_GETTEXT 1
| #define HAVE_DCGETTEXT 1
| #define ENABLE_NLS 1
| #define HAVE_DLFCN_H 1
| /* end confdefs.h.  */
| #include <ac_nonexistent.h>
configure:9392: result: g++ -E
configure:9421: g++ -E  conftest.cpp
configure:9427: $? = 0
configure:9458: g++ -E  conftest.cpp
conftest.cpp:28:28: error: ac_nonexistent.h: No such file or directory
configure:9464: $? = 1
configure: failed program was:
| /* confdefs.h.  */
| #define PACKAGE_NAME "pthread_lib"
| #define PACKAGE_TARNAME "pthread_lib"
| #define PACKAGE_VERSION "0.1"
| #define PACKAGE_STRING "pthread_lib 0.1"
| #define PACKAGE_BUGREPORT ""
| #define PACKAGE "pthread_lib"
| #define VERSION "0.1"
| #define STDC_HEADERS 1
| #define GETTEXT_PACKAGE "pthread_lib"
| #define HAVE_SYS_TYPES_H 1
| #define HAVE_SYS_STAT_H 1
| #define HAVE_STDLIB_H 1
| #define HAVE_STRING_H 1
| #define HAVE_MEMORY_H 1
| #define HAVE_STRINGS_H 1
| #define HAVE_INTTYPES_H 1
| #define HAVE_STDINT_H 1
| #define HAVE_UNISTD_H 1
| #define HAVE_LOCALE_H 1
| #define HAVE_LC_MESSAGES 1
| #define HAVE_BIND_TEXTDOMAIN_CODESET 1
| #define HAVE_GETTEXT 1
| #define HAVE_DCGETTEXT 1
| #define ENABLE_NLS 1
| #define HAVE_DLFCN_H 1
| /* end confdefs.h.  */
| #include <ac_nonexistent.h>
configure:9557: checking for g77
configure:9587: result: no
configure:9557: checking for xlf
configure:9587: result: no
configure:9557: checking for f77
configure:9587: result: no
configure:9557: checking for frt
configure:9587: result: no
configure:9557: checking for pgf77
configure:9587: result: no
configure:9557: checking for cf77
configure:9587: result: no
configure:9557: checking for fort77
configure:9587: result: no
configure:9557: checking for fl32
configure:9587: result: no
configure:9557: checking for af77
configure:9587: result: no
configure:9557: checking for xlf90
configure:9587: result: no
configure:9557: checking for f90
configure:9587: result: no
configure:9557: checking for pgf90
configure:9587: result: no
configure:9557: checking for pghpf
configure:9587: result: no
configure:9557: checking for epcf90
configure:9587: result: no
configure:9557: checking for gfortran
configure:9587: result: no
configure:9557: checking for g95
configure:9587: result: no
configure:9557: checking for xlf95
configure:9587: result: no
configure:9557: checking for f95
configure:9587: result: no
configure:9557: checking for fort
configure:9587: result: no
configure:9557: checking for ifort
configure:9587: result: no
configure:9557: checking for ifc
configure:9587: result: no
configure:9557: checking for efc
configure:9587: result: no
configure:9557: checking for pgf95
configure:9587: result: no
configure:9557: checking for lf95
configure:9587: result: no
configure:9557: checking for ftn
configure:9587: result: no
configure:9614: checking for Fortran 77 compiler version
configure:9621:  --version >&5
./configure: line 9622: --version: command not found
configure:9624: $? = 127
configure:9631:  -v >&5
./configure: line 9632: -v: command not found
configure:9634: $? = 127
configure:9641:  -V >&5
./configure: line 9642: -V: command not found
configure:9644: $? = 127
configure:9652: checking whether we are using the GNU Fortran 77 compiler
configure:9671:  -c  conftest.F >&5
./configure: line 9672: -c: command not found
configure:9677: $? = 127
configure: failed program was:
|       program main
| #ifndef __GNUC__
|        choke me
| #endif
| 
|       end
configure:9694: result: no
configure:9700: checking whether  accepts -g
configure:9717:  -c -g conftest.f >&5
./configure: line 9718: -c: command not found
configure:9723: $? = 127
configure: failed program was:
|       program main
| 
|       end
configure:9739: result: no
configure:9768: checking the maximum length of command line arguments
configure:9880: result: 98304
configure:9892: checking command to parse /usr/bin/nm -B output from gcc object
configure:9997: gcc -c -g -O2  conftest.c >&5
configure:10000: $? = 0
configure:10004: /usr/bin/nm -B conftest.o \| sed -n -e 's/^.*[ 	]\([ABCDGIRSTW][ABCDGIRSTW]*\)[ 	][ 	]*\([_A-Za-z][_A-Za-z0-9]*\)$/\1 \2 \2/p' \> conftest.nm
configure:10007: $? = 0
configure:10059: gcc -o conftest -g -O2   conftest.c conftstm.o >&5
configure:10062: $? = 0
configure:10100: result: ok
configure:10104: checking for objdir
configure:10119: result: .libs
configure:10211: checking for ar
configure:10227: found /usr/bin/ar
configure:10238: result: ar
configure:10307: checking for ranlib
configure:10323: found /usr/bin/ranlib
configure:10334: result: ranlib
configure:10403: checking for strip
configure:10419: found /usr/bin/strip
configure:10430: result: strip
configure:11028: checking if gcc supports -fno-rtti -fno-exceptions
configure:11046: gcc -c -g -O2  -fno-rtti -fno-exceptions conftest.c >&5
cc1: warning: command line option "-fno-rtti" is valid for C++/ObjC++ but not for C
configure:11050: $? = 0
configure:11063: result: no
configure:11078: checking for gcc option to produce PIC
configure:11310: result: -fPIC
configure:11318: checking if gcc PIC flag -fPIC works
configure:11336: gcc -c -g -O2  -fPIC -DPIC conftest.c >&5
configure:11340: $? = 0
configure:11353: result: yes
configure:11381: checking if gcc static flag -static works
configure:11409: result: yes
configure:11419: checking if gcc supports -c -o file.o
configure:11440: gcc -c -g -O2  -o out/conftest2.o conftest.c >&5
configure:11444: $? = 0
configure:11466: result: yes
configure:11492: checking whether the gcc linker (/usr/bin/ld) supports shared libraries
configure:12473: result: yes
configure:12494: checking whether -lc should be explicitly linked in
configure:12499: gcc -c -g -O2  conftest.c >&5
configure:12502: $? = 0
configure:12517: gcc -shared conftest.o  -v -Wl,-soname -Wl,conftest -o conftest 2\>\&1 \| grep  -lc  \>/dev/null 2\>\&1
configure:12520: $? = 0
configure:12532: result: no
configure:12540: checking dynamic linker characteristics
configure:13154: result: GNU/Linux ld.so
configure:13178: checking how to hardcode library paths into programs
configure:13203: result: immediate
configure:13217: checking whether stripping libraries is possible
configure:13222: result: yes
configure:14024: checking if libtool supports shared libraries
configure:14026: result: yes
configure:14029: checking whether to build shared libraries
configure:14050: result: yes
configure:14053: checking whether to build static libraries
configure:14057: result: yes
configure:14151: creating libtool
configure:14744: checking for ld used by g++
configure:14811: result: /usr/bin/ld
configure:14820: checking if the linker (/usr/bin/ld) is GNU ld
configure:14835: result: yes
configure:14886: checking whether the g++ linker (/usr/bin/ld) supports shared libraries
configure:15832: result: yes
configure:15849: g++ -c -g -O2  conftest.cpp >&5
configure:15852: $? = 0
configure:16008: checking for g++ option to produce PIC
configure:16292: result: -fPIC
configure:16300: checking if g++ PIC flag -fPIC works
configure:16318: g++ -c -g -O2  -fPIC -DPIC conftest.cpp >&5
configure:16322: $? = 0
configure:16335: result: yes
configure:16363: checking if g++ static flag -static works
configure:16391: result: yes
configure:16401: checking if g++ supports -c -o file.o
configure:16422: g++ -c -g -O2  -o out/conftest2.o conftest.cpp >&5
configure:16426: $? = 0
configure:16448: result: yes
configure:16474: checking whether the g++ linker (/usr/bin/ld) supports shared libraries
configure:16503: result: yes
configure:16570: checking dynamic linker characteristics
configure:17132: result: GNU/Linux ld.so
configure:17156: checking how to hardcode library paths into programs
configure:17181: result: immediate
configure:23582: creating ./config.status

## ---------------- ##
## Cache variables. ##
## ---------------- ##

ac_cv_build=i686-pc-linux-gnu
ac_cv_c_compiler_gnu=yes
ac_cv_cxx_compiler_gnu=yes
ac_cv_env_CCC_set=
ac_cv_env_CCC_value=
ac_cv_env_CC_set=
ac_cv_env_CC_value=
ac_cv_env_CFLAGS_set=
ac_cv_env_CFLAGS_value=
ac_cv_env_CPPFLAGS_set=
ac_cv_env_CPPFLAGS_value=
ac_cv_env_CPP_set=
ac_cv_env_CPP_value=
ac_cv_env_CXXCPP_set=
ac_cv_env_CXXCPP_value=
ac_cv_env_CXXFLAGS_set=
ac_cv_env_CXXFLAGS_value=
ac_cv_env_CXX_set=
ac_cv_env_CXX_value=
ac_cv_env_F77_set=
ac_cv_env_F77_value=
ac_cv_env_FFLAGS_set=
ac_cv_env_FFLAGS_value=
ac_cv_env_LDFLAGS_set=
ac_cv_env_LDFLAGS_value=
ac_cv_env_LIBS_set=
ac_cv_env_LIBS_value=
ac_cv_env_build_alias_set=
ac_cv_env_build_alias_value=
ac_cv_env_host_alias_set=
ac_cv_env_host_alias_value=
ac_cv_env_target_alias_set=
ac_cv_env_target_alias_value=
ac_cv_f77_compiler_gnu=no
ac_cv_func_bind_textdomain_codeset=yes
ac_cv_func_dcgettext=yes
ac_cv_header_dlfcn_h=yes
ac_cv_header_inttypes_h=yes
ac_cv_header_libintl_h=yes
ac_cv_header_locale_h=yes
ac_cv_header_memory_h=yes
ac_cv_header_stdc=yes
ac_cv_header_stdint_h=yes
ac_cv_header_stdlib_h=yes
ac_cv_header_string_h=yes
ac_cv_header_strings_h=yes
ac_cv_header_sys_stat_h=yes
ac_cv_header_sys_types_h=yes
ac_cv_header_unistd_h=yes
ac_cv_host=i686-pc-linux-gnu
ac_cv_objext=o
ac_cv_path_EGREP='/bin/grep -E'
ac_cv_path_GMSGFMT=/usr/bin/msgfmt
ac_cv_path_GREP=/bin/grep
ac_cv_path_INTLTOOL_PERL=/usr/bin/perl
ac_cv_path_MSGFMT=/usr/bin/msgfmt
ac_cv_path_MSGMERGE=/usr/bin/msgmerge
ac_cv_path_XGETTEXT=/usr/bin/xgettext
ac_cv_path_install='/usr/bin/install -c'
ac_cv_path_mkdir=/bin/mkdir
ac_cv_prog_AWK=mawk
ac_cv_prog_CPP='gcc -E'
ac_cv_prog_CXXCPP='g++ -E'
ac_cv_prog_ac_ct_AR=ar
ac_cv_prog_ac_ct_CC=gcc
ac_cv_prog_ac_ct_CXX=g++
ac_cv_prog_ac_ct_RANLIB=ranlib
ac_cv_prog_ac_ct_STRIP=strip
ac_cv_prog_cc_c89=
ac_cv_prog_cc_g=yes
ac_cv_prog_cxx_g=yes
ac_cv_prog_f77_g=no
ac_cv_prog_make_make_set=yes
ac_cv_search_strerror='none required'
am_cv_CC_dependencies_compiler_type=gcc3
am_cv_CXX_dependencies_compiler_type=gcc3
am_cv_prog_cc_stdc=
am_cv_val_LC_MESSAGES=yes
gt_cv_func_dgettext_libc=yes
gt_cv_func_dgettext_libintl=no
gt_cv_func_ngettext_libc=yes
gt_cv_have_gettext=yes
lt_cv_deplibs_check_method=pass_all
lt_cv_file_magic_cmd='$MAGIC_CMD'
lt_cv_file_magic_test_file=
lt_cv_ld_reload_flag=-r
lt_cv_objdir=.libs
lt_cv_path_LD=/usr/bin/ld
lt_cv_path_LDCXX=/usr/bin/ld
lt_cv_path_NM='/usr/bin/nm -B'
lt_cv_path_SED=/bin/sed
lt_cv_prog_compiler_c_o=yes
lt_cv_prog_compiler_c_o_CXX=yes
lt_cv_prog_compiler_pic_works=yes
lt_cv_prog_compiler_pic_works_CXX=yes
lt_cv_prog_compiler_rtti_exceptions=no
lt_cv_prog_compiler_static_works=yes
lt_cv_prog_compiler_static_works_CXX=yes
lt_cv_prog_gnu_ld=yes
lt_cv_prog_gnu_ldcxx=yes
lt_cv_sys_global_symbol_pipe='sed -n -e '\''s/^.*[ 	]\([ABCDGIRSTW][ABCDGIRSTW]*\)[ 	][ 	]*\([_A-Za-z][_A-Za-z0-9]*\)$/\1 \2 \2/p'\'''
lt_cv_sys_global_symbol_to_c_name_address='sed -n -e '\''s/^: \([^ ]*\) $/  {\"\1\", (lt_ptr) 0},/p'\'' -e '\''s/^[BCDEGRST] \([^ ]*\) \([^ ]*\)$/  {"\2", (lt_ptr) \&\2},/p'\'''
lt_cv_sys_global_symbol_to_cdecl='sed -n -e '\''s/^. .* \(.*\)$/extern int \1;/p'\'''
lt_cv_sys_lib_dlsearch_path_spec='/lib /usr/lib /lib/i486-linux-gnu /usr/lib/i486-linux-gnu /usr/local/lib '
lt_cv_sys_lib_search_path_spec='/usr/lib/gcc/i486-linux-gnu/4.2.3 /usr/lib /lib'
lt_cv_sys_max_cmd_len=98304
lt_lt_cv_prog_compiler_c_o='"yes"'
lt_lt_cv_prog_compiler_c_o_CXX='"yes"'
lt_lt_cv_sys_global_symbol_pipe='"sed -n -e '\''s/^.*[ 	]\\([ABCDGIRSTW][ABCDGIRSTW]*\\)[ 	][ 	]*\\([_A-Za-z][_A-Za-z0-9]*\\)\$/\\1 \\2 \\2/p'\''"'
lt_lt_cv_sys_global_symbol_to_c_name_address='"sed -n -e '\''s/^: \\([^ ]*\\) \$/  {\\\"\\1\\\", (lt_ptr) 0},/p'\'' -e '\''s/^[BCDEGRST] \\([^ ]*\\) \\([^ ]*\\)\$/  {\"\\2\", (lt_ptr) \\&\\2},/p'\''"'
lt_lt_cv_sys_global_symbol_to_cdecl='"sed -n -e '\''s/^. .* \\(.*\\)\$/extern int \\1;/p'\''"'

## ----------------- ##
## Output variables. ##
## ----------------- ##

ACLOCAL='${SHELL} /home/nick/Projects/pthread-lib/missing --run aclocal-1.10'
ALL_LINGUAS=''
AMDEPBACKSLASH='\'
AMDEP_FALSE='#'
AMDEP_TRUE=''
AMTAR='${SHELL} /home/nick/Projects/pthread-lib/missing --run tar'
AR='ar'
AUTOCONF='${SHELL} /home/nick/Projects/pthread-lib/missing --run autoconf'
AUTOHEADER='${SHELL} /home/nick/Projects/pthread-lib/missing --run autoheader'
AUTOMAKE='${SHELL} /home/nick/Projects/pthread-lib/missing --run automake-1.10'
AWK='mawk'
CATALOGS=''
CATOBJEXT='.gmo'
CC='gcc'
CCDEPMODE='depmode=gcc3'
CFLAGS='-g -O2'
CPP='gcc -E'
CPPFLAGS=''
CXX='g++'
CXXCPP='g++ -E'
CXXDEPMODE='depmode=gcc3'
CXXFLAGS='-g -O2'
CYGPATH_W='echo'
DATADIRNAME='share'
DEFS='-DHAVE_CONFIG_H'
DEPDIR='.deps'
DSYMUTIL=''
ECHO='echo'
ECHO_C=''
ECHO_N='-n'
ECHO_T=''
EGREP='/bin/grep -E'
EXEEXT=''
F77=''
FFLAGS=''
GETTEXT_PACKAGE='pthread_lib'
GMOFILES=''
GMSGFMT='/usr/bin/msgfmt'
GREP='/bin/grep'
INSTALL_DATA='${INSTALL} -m 644'
INSTALL_PROGRAM='${INSTALL}'
INSTALL_SCRIPT='${INSTALL}'
INSTALL_STRIP_PROGRAM='$(install_sh) -c -s'
INSTOBJEXT='.mo'
INTLLIBS=''
INTLTOOL_CAVES_RULE='%.caves:     %.caves.in     $(INTLTOOL_MERGE) $(wildcard $(top_srcdir)/po/*.po) ; LC_ALL=C $(INTLTOOL_MERGE) -d -u -c $(top_builddir)/po/.intltool-merge-cache $(top_srcdir)/po $< $@'
INTLTOOL_DESKTOP_RULE='%.desktop:   %.desktop.in   $(INTLTOOL_MERGE) $(wildcard $(top_srcdir)/po/*.po) ; LC_ALL=C $(INTLTOOL_MERGE) -d -u -c $(top_builddir)/po/.intltool-merge-cache $(top_srcdir)/po $< $@'
INTLTOOL_DIRECTORY_RULE='%.directory: %.directory.in $(INTLTOOL_MERGE) $(wildcard $(top_srcdir)/po/*.po) ; LC_ALL=C $(INTLTOOL_MERGE) -d -u -c $(top_builddir)/po/.intltool-merge-cache $(top_srcdir)/po $< $@'
INTLTOOL_EXTRACT='$(top_builddir)/intltool-extract'
INTLTOOL_KBD_RULE='%.kbd:       %.kbd.in       $(INTLTOOL_MERGE) $(wildcard $(top_srcdir)/po/*.po) ; LC_ALL=C $(INTLTOOL_MERGE) -x -u -m -c $(top_builddir)/po/.intltool-merge-cache $(top_srcdir)/po $< $@'
INTLTOOL_KEYS_RULE='%.keys:      %.keys.in      $(INTLTOOL_MERGE) $(wildcard $(top_srcdir)/po/*.po) ; LC_ALL=C $(INTLTOOL_MERGE) -k -u -c $(top_builddir)/po/.intltool-merge-cache $(top_srcdir)/po $< $@'
INTLTOOL_MERGE='$(top_builddir)/intltool-merge'
INTLTOOL_OAF_RULE='%.oaf:       %.oaf.in       $(INTLTOOL_MERGE) $(wildcard $(top_srcdir)/po/*.po) ; LC_ALL=C $(INTLTOOL_MERGE) -o -p $(top_srcdir)/po $< $@'
INTLTOOL_PERL='/usr/bin/perl'
INTLTOOL_POLICY_RULE='%.policy:    %.policy.in    $(INTLTOOL_MERGE) $(wildcard $(top_srcdir)/po/*.po) ; LC_ALL=C $(INTLTOOL_MERGE) -x -u -c $(top_builddir)/po/.intltool-merge-cache $(top_srcdir)/po $< $@'
INTLTOOL_PONG_RULE='%.pong:      %.pong.in      $(INTLTOOL_MERGE) $(wildcard $(top_srcdir)/po/*.po) ; LC_ALL=C $(INTLTOOL_MERGE) -x -u -c $(top_builddir)/po/.intltool-merge-cache $(top_srcdir)/po $< $@'
INTLTOOL_PROP_RULE='%.prop:      %.prop.in      $(INTLTOOL_MERGE) $(wildcard $(top_srcdir)/po/*.po) ; LC_ALL=C $(INTLTOOL_MERGE) -d -u -c $(top_builddir)/po/.intltool-merge-cache $(top_srcdir)/po $< $@'
INTLTOOL_SCHEMAS_RULE='%.schemas:   %.schemas.in   $(INTLTOOL_MERGE) $(wildcard $(top_srcdir)/po/*.po) ; LC_ALL=C $(INTLTOOL_MERGE) -s -u -c $(top_builddir)/po/.intltool-merge-cache $(top_srcdir)/po $< $@'
INTLTOOL_SERVER_RULE='%.server:    %.server.in    $(INTLTOOL_MERGE) $(wildcard $(top_srcdir)/po/*.po) ; LC_ALL=C $(INTLTOOL_MERGE) -o -u -c $(top_builddir)/po/.intltool-merge-cache $(top_srcdir)/po $< $@'
INTLTOOL_SERVICE_RULE='%.service: %.service.in   $(INTLTOOL_MERGE) $(wildcard $(top_srcdir)/po/*.po) ; LC_ALL=C $(INTLTOOL_MERGE) -d -u -c $(top_builddir)/po/.intltool-merge-cache $(top_srcdir)/po $< $@'
INTLTOOL_SHEET_RULE='%.sheet:     %.sheet.in     $(INTLTOOL_MERGE) $(wildcard $(top_srcdir)/po/*.po) ; LC_ALL=C $(INTLTOOL_MERGE) -x -u -c $(top_builddir)/po/.intltool-merge-cache $(top_srcdir)/po $< $@'
INTLTOOL_SOUNDLIST_RULE='%.soundlist: %.soundlist.in $(INTLTOOL_MERGE) $(wildcard $(top_srcdir)/po/*.po) ; LC_ALL=C $(INTLTOOL_MERGE) -d -u -c $(top_builddir)/po/.intltool-merge-cache $(top_srcdir)/po $< $@'
INTLTOOL_THEME_RULE='%.theme:     %.theme.in     $(INTLTOOL_MERGE) $(wildcard $(top_srcdir)/po/*.po) ; LC_ALL=C $(INTLTOOL_MERGE) -d -u -c $(top_builddir)/po/.intltool-merge-cache $(top_srcdir)/po $< $@'
INTLTOOL_UI_RULE='%.ui:        %.ui.in        $(INTLTOOL_MERGE) $(wildcard $(top_srcdir)/po/*.po) ; LC_ALL=C $(INTLTOOL_MERGE) -x -u -c $(top_builddir)/po/.intltool-merge-cache $(top_srcdir)/po $< $@'
INTLTOOL_UPDATE='$(top_builddir)/intltool-update'
INTLTOOL_XAM_RULE='%.xam:       %.xml.in       $(INTLTOOL_MERGE) $(wildcard $(top_srcdir)/po/*.po) ; LC_ALL=C $(INTLTOOL_MERGE) -x -u -c $(top_builddir)/po/.intltool-merge-cache $(top_srcdir)/po $< $@'
INTLTOOL_XML_NOMERGE_RULE='%.xml:       %.xml.in       $(INTLTOOL_MERGE) ; LC_ALL=C $(INTLTOOL_MERGE) -x -u /tmp $< $@'
INTLTOOL_XML_RULE='%.xml:       %.xml.in       $(INTLTOOL_MERGE) $(wildcard $(top_srcdir)/po/*.po) ; LC_ALL=C $(INTLTOOL_MERGE) -x -u -c $(top_builddir)/po/.intltool-merge-cache $(top_srcdir)/po $< $@'
LDFLAGS=''
LIBOBJS=''
LIBS=''
LIBTOOL='$(SHELL) $(top_builddir)/libtool'
LN_S='ln -s'
LTLIBOBJS=''
MAINT=''
MAINTAINER_MODE_FALSE='#'
MAINTAINER_MODE_TRUE=''
MAKEINFO='${SHELL} /home/nick/Projects/pthread-lib/missing --run makeinfo'
MKINSTALLDIRS='./mkinstalldirs'
MSGFMT='/usr/bin/msgfmt'
MSGFMT_OPTS='-c'
MSGMERGE='/usr/bin/msgmerge'
NMEDIT=''
OBJEXT='o'
PACKAGE='pthread_lib'
PACKAGE_BUGREPORT=''
PACKAGE_NAME='pthread_lib'
PACKAGE_STRING='pthread_lib 0.1'
PACKAGE_TARNAME='pthread_lib'
PACKAGE_VERSION='0.1'
PATH_SEPARATOR=':'
POFILES=''
POSUB='po'
PO_IN_DATADIR_FALSE=''
PO_IN_DATADIR_TRUE=''
RANLIB='ranlib'
SED='/bin/sed'
SET_MAKE=''
SHELL='/bin/bash'
STRIP='strip'
USE_NLS='yes'
VERSION='0.1'
XGETTEXT='/usr/bin/xgettext'
ac_ct_CC='gcc'
ac_ct_CXX='g++'
ac_ct_F77=''
am__fastdepCC_FALSE='#'
am__fastdepCC_TRUE=''
am__fastdepCXX_FALSE='#'
am__fastdepCXX_TRUE=''
am__include='include'
am__isrc=''
am__leading_dot='.'
am__quote=''
am__tar='${AMTAR} chof - "$$tardir"'
am__untar='${AMTAR} xf -'
bindir='${exec_prefix}/bin'
build='i686-pc-linux-gnu'
build_alias=''
build_cpu='i686'
build_os='linux-gnu'
build_vendor='pc'
datadir='${datarootdir}'
datarootdir='${prefix}/share'
docdir='${datarootdir}/doc/${PACKAGE_TARNAME}'
dvidir='${docdir}'
exec_prefix='${prefix}'
host='i686-pc-linux-gnu'
host_alias=''
host_cpu='i686'
host_os='linux-gnu'
host_vendor='pc'
htmldir='${docdir}'
includedir='${prefix}/include'
infodir='${datarootdir}/info'
install_sh='$(SHELL) /home/nick/Projects/pthread-lib/install-sh'
libdir='${exec_prefix}/lib'
libexecdir='${exec_prefix}/libexec'
localedir='${datarootdir}/locale'
localstatedir='${prefix}/var'
mandir='${datarootdir}/man'
mkdir_p='/bin/mkdir -p'
oldincludedir='/usr/include'
pdfdir='${docdir}'
prefix='/usr/local'
program_transform_name='s,x,x,'
psdir='${docdir}'
sbindir='${exec_prefix}/sbin'
sharedstatedir='${prefix}/com'
sysconfdir='${prefix}/etc'
target_alias=''

## ----------- ##
## confdefs.h. ##
## ----------- ##

#define PACKAGE_NAME "pthread_lib"
#define PACKAGE_TARNAME "pthread_lib"
#define PACKAGE_VERSION "0.1"
#define PACKAGE_STRING "pthread_lib 0.1"
#define PACKAGE_BUGREPORT ""
#define PACKAGE "pthread_lib"
#define VERSION "0.1"
#define STDC_HEADERS 1
#define GETTEXT_PACKAGE "pthread_lib"
#define HAVE_SYS_TYPES_H 1
#define HAVE_SYS_STAT_H 1
#define HAVE_STDLIB_H 1
#define HAVE_STRING_H 1
#define HAVE_MEMORY_H 1
#define HAVE_STRINGS_H 1
#define HAVE_INTTYPES_H 1
#define HAVE_STDINT_H 1
#define HAVE_UNISTD_H 1
#define HAVE_LOCALE_H 1
#define HAVE_LC_MESSAGES 1
#define HAVE_BIND_TEXTDOMAIN_CODESET 1
#define HAVE_GETTEXT 1
#define HAVE_DCGETTEXT 1
#define ENABLE_NLS 1
#define HAVE_DLFCN_H 1

configure: exit 0

## ---------------------- ##
## Running config.status. ##
## ---------------------- ##

This file was extended by pthread_lib config.status 0.1, which was
generated by GNU Autoconf 2.61.  Invocation command line was

  CONFIG_FILES    = 
  CONFIG_HEADERS  = 
  CONFIG_LINKS    = 
  CONFIG_COMMANDS = 
  $ ./config.status 

on ubuntu

config.status:719: creating Makefile
config.status:719: creating src/Makefile
config.status:719: creating src/test/Makefile
config.status:719: creating po/Makefile.in
config.status:719: creating config.h
config.status:953: config.h is unchanged
config.status:1000: executing depfiles commands
config.status:1000: executing default-1 commands
config.status:1000: executing intltool commands
config.status:1000: executing po/stamp-it commands

## ---------------------- ##
## Running config.status. ##
## ---------------------- ##

This file was extended by pthread_lib config.status 0.1, which was
generated by GNU Autoconf 2.61.  Invocation command line was

  CONFIG_FILES    = 
  CONFIG_HEADERS  = 
  CONFIG_LINKS    = 
  CONFIG_COMMANDS = 
  $ ./config.status src/Makefile depfiles

on ubuntu

config.status:719: creating src/Makefile
config.status:1000: executing depfiles commands
